This is pdfTeX, Version 3.141592653-2.6-1.40.24 (TeX Live 2022) (preloaded format=latex 2022.5.7)  30 JAN 2024 14:58
entering extended mode
 restricted \write18 enabled.
 %&-line parsing enabled.
**exit
(c:/texlive/2022/texmf-dist/tex/latex/tools/q.tex
LaTeX2e <2021-11-15> patch level 1
L3 programming layer <2022-05-04> File ignored
)
! Emergency stop.
<*> exit
        
*** (job aborted, no legal \end found)

 
Here is how much of TeX's memory you used:
 18 strings out of 478301
 490 string characters out of 5849150
 289967 words of memory out of 5000000
 18293 multiletter control sequences out of 15000+600000
 469259 words of font info for 28 fonts, out of 8000000 for 9000
 1141 hyphenation exceptions out of 8191
 13i,0n,12p,84b,10s stack positions out of 10000i,1000n,20000p,200000b,200000s
No pages of output.
